<?xml version="1.0" encoding="UTF-8"?>
<!-- Generated by org.testng.reporters.JUnitXMLReporter -->
<testsuite ignored="0" hostname="DESKTOP-UPO9VLV" failures="0" tests="7" name="KeywordTest" time="0.427" errors="0" timestamp="2022-06-22T16:03:29 IST">
  <testcase classname="TestNGKeywords.PriorityStudy" name="p" time="0.038"/>
  <testcase classname="TestNGKeywords.PriorityStudy" name="a" time="0.017"/>
  <testcase classname="TestNGKeywords.PriorityStudy" name="n" time="0.006"/>
  <testcase classname="TestNGKeywords.InvocationCountStudy" name="UserIDValid" time="0.004"/>
  <testcase classname="TestNGKeywords.InvocationCountStudy" name="UserIDValid" time="0.016"/>
  <testcase classname="TestNGKeywords.InvocationCountStudy" name="UserIDValid" time="0.009"/>
  <testcase classname="TestNGKeywords.InvocationCountStudy" name="UserIDValid" time="0.013"/>
</testsuite> <!-- KeywordTest -->
