<?xml version="1.0" encoding="UTF-8"?>
<!-- Generated by org.testng.reporters.JUnitXMLReporter -->
<testsuite ignored="3" hostname="DESKTOP-UPO9VLV" failures="0" tests="3" name="InExcludeTest" time="0.204" errors="0" timestamp="2022-06-23T18:18:46 IST">
  <testcase classname="TestNGIncludeExclude.MyTestClass1" name="a" time="0.029"/>
  <testcase classname="TestNGIncludeExclude.MyTestClass" name="a" time="0.003"/>
  <testcase classname="TestNGIncludeExclude.MyTestClass" name="p" time="0.006"/>
  <testcase classname="TestNGIncludeExclude.MyTestClass1" name="n" time="0.0">
    <ignored/>
  </testcase> <!-- n -->
  <testcase classname="TestNGIncludeExclude.MyTestClass1" name="p" time="0.0">
    <ignored/>
  </testcase> <!-- p -->
  <testcase classname="TestNGIncludeExclude.MyTestClass" name="n" time="0.0">
    <ignored/>
  </testcase> <!-- n -->
</testsuite> <!-- InExcludeTest -->
