<?xml version="1.0" encoding="UTF-8"?>
<!-- Generated by org.testng.reporters.JUnitXMLReporter -->
<testsuite ignored="1" hostname="DESKTOP-UPO9VLV" failures="0" tests="2" name="ExcludeTest" time="0.257" errors="0" timestamp="2022-06-23T18:15:05 IST">
  <testcase classname="TestNGIncludeExclude.MyTestClass1" name="n" time="0.029"/>
  <testcase classname="TestNGIncludeExclude.MyTestClass1" name="p" time="0.028"/>
  <testcase classname="TestNGIncludeExclude.MyTestClass1" name="a" time="0.0">
    <ignored/>
  </testcase> <!-- a -->
</testsuite> <!-- ExcludeTest -->
