<?xml version="1.0" encoding="UTF-8"?>
<!-- Generated by org.testng.reporters.JUnitXMLReporter -->
<testsuite ignored="0" hostname="DESKTOP-UPO9VLV" failures="0" tests="4" name="Test1" time="66.621" errors="0" timestamp="2022-06-22T15:44:08 IST">
  <testcase classname="TestNGStudy.AnnotationStudy" name="DashboardValidation" time="0.025"/>
  <testcase classname="TestNGStudy.AnnotationStudy" name="UserIdValidation" time="0.012"/>
  <testcase classname="TestNGStudy.NormalClass" name="Test" time="30.294"/>
  <testcase classname="TestNGStudy.NormalClass" name="Test1" time="36.022"/>
</testsuite> <!-- Test1 -->
