<?xml version="1.0" encoding="UTF-8"?>
<!-- Generated by org.testng.reporters.JUnitXMLReporter -->
<testsuite ignored="1" hostname="DESKTOP-UPO9VLV" failures="1" tests="2" name="Default test(failed)(failed)" time="0.108" errors="0" timestamp="2022-06-30T15:11:01 IST">
  <testcase classname="TestNGKeywords.PriorityStudy" name="p" time="0.015"/>
  <testcase classname="TestNGKeywords.PriorityStudy" name="a" time="0.007">
    <failure type="java.lang.AssertionError" message="null">
      <![CDATA[java.lang.AssertionError: null
at TestNGKeywords.PriorityStudy.a(PriorityStudy.java:23)
at java.base/java.util.ArrayList.forEach(ArrayList.java:1541)
... Removed 29 stack frames]]>
    </failure>
  </testcase> <!-- a -->
  <testcase classname="TestNGKeywords.PriorityStudy" name="n" time="0.0">
    <ignored/>
  </testcase> <!-- n -->
</testsuite> <!-- Default test(failed)(failed) -->
