<?xml version="1.0" encoding="UTF-8"?>
<!-- Generated by org.testng.reporters.JUnitXMLReporter -->
<testsuite ignored="2" hostname="DESKTOP-UPO9VLV" failures="0" tests="1" name="Default test(failed)(failed)(failed)" time="0.096" errors="0" timestamp="2022-06-30T15:11:37 IST">
  <testcase classname="TestNGKeywords.PriorityStudy" name="a" time="0.013"/>
  <testcase classname="TestNGKeywords.PriorityStudy" name="n" time="0.0">
    <ignored/>
  </testcase> <!-- n -->
  <testcase classname="TestNGKeywords.PriorityStudy" name="p" time="0.0">
    <ignored/>
  </testcase> <!-- p -->
</testsuite> <!-- Default test(failed)(failed)(failed) -->
