<?xml version="1.0" encoding="UTF-8"?>
<!-- Generated by org.testng.reporters.JUnitXMLReporter -->
<testsuite ignored="2" hostname="DESKTOP-UPO9VLV" failures="0" tests="1" name="IncludeTest" time="0.179" errors="0" timestamp="2022-06-23T18:09:49 IST">
  <testcase classname="TestNGIncludeExclude.MyTestClass" name="p" time="0.031"/>
  <testcase classname="TestNGIncludeExclude.MyTestClass" name="n" time="0.0">
    <ignored/>
  </testcase> <!-- n -->
  <testcase classname="TestNGIncludeExclude.MyTestClass" name="a" time="0.0">
    <ignored/>
  </testcase> <!-- a -->
</testsuite> <!-- IncludeTest -->
